CRITICAL - 2025-02-19 11:58:12 --> ErrorException: Array to string conversion
[Method: GET, Route: food-list]
in APPPATH\Views\products.php on line 50.
 1 APPPATH\Views\products.php(50): CodeIgniter\Debug\Exceptions->errorHandler(2, 'Array to string conversion', 'C:\\xampp\\htdocs\\Codeigniter\\Shop_POS\\app\\Views\\products.php', 50)
 2 SYSTEMPATH\View\View.php(224): include('C:\\xampp\\htdocs\\Codeigniter\\Shop_POS\\app\\Views\\products.php')
 3 SYSTEMPATH\View\View.php(227): CodeIgniter\View\View->CodeIgniter\View\{closure}()
 4 SYSTEMPATH\Common.php(1173): CodeIgniter\View\View->render('products', [], true)
 5 APPPATH\Controllers\Home.php(19): view('products')
 6 SYSTEMPATH\CodeIgniter.php(933): App\Controllers\Home->products()
 7 SYSTEMPATH\CodeIgniter.php(507): CodeIgniter\CodeIgniter->runController(Object(App\Controllers\Home))
 8 SYSTEMPATH\CodeIgniter.php(354): CodeIgniter\CodeIgniter->handleRequest(null, Object(Config\Cache), false)
 9 SYSTEMPATH\Boot.php(334): CodeIgniter\CodeIgniter->run()
10 SYSTEMPATH\Boot.php(67): CodeIgniter\Boot::runCodeIgniter(Object(CodeIgniter\CodeIgniter))
11 FCPATH\index.php(56): CodeIgniter\Boot::bootWeb(Object(Config\Paths))
12 SYSTEMPATH\rewrite.php(44): require_once('C:\\xampp\\htdocs\\Codeigniter\\Shop_POS\\public\\index.php')
CRITICAL - 2025-02-19 11:58:19 --> ErrorException: Array to string conversion
[Method: GET, Route: food-list]
in APPPATH\Views\products.php on line 50.
 1 APPPATH\Views\products.php(50): CodeIgniter\Debug\Exceptions->errorHandler(2, 'Array to string conversion', 'C:\\xampp\\htdocs\\Codeigniter\\Shop_POS\\app\\Views\\products.php', 50)
 2 SYSTEMPATH\View\View.php(224): include('C:\\xampp\\htdocs\\Codeigniter\\Shop_POS\\app\\Views\\products.php')
 3 SYSTEMPATH\View\View.php(227): CodeIgniter\View\View->CodeIgniter\View\{closure}()
 4 SYSTEMPATH\Common.php(1173): CodeIgniter\View\View->render('products', [], true)
 5 APPPATH\Controllers\Home.php(19): view('products')
 6 SYSTEMPATH\CodeIgniter.php(933): App\Controllers\Home->products()
 7 SYSTEMPATH\CodeIgniter.php(507): CodeIgniter\CodeIgniter->runController(Object(App\Controllers\Home))
 8 SYSTEMPATH\CodeIgniter.php(354): CodeIgniter\CodeIgniter->handleRequest(null, Object(Config\Cache), false)
 9 SYSTEMPATH\Boot.php(334): CodeIgniter\CodeIgniter->run()
10 SYSTEMPATH\Boot.php(67): CodeIgniter\Boot::runCodeIgniter(Object(CodeIgniter\CodeIgniter))
11 FCPATH\index.php(56): CodeIgniter\Boot::bootWeb(Object(Config\Paths))
12 SYSTEMPATH\rewrite.php(44): require_once('C:\\xampp\\htdocs\\Codeigniter\\Shop_POS\\public\\index.php')
